c:\users\msi\desktop\프로젝트 폴더\alt.cvl\sick_calib_clr\x64\debug\sick_calib_clr.pch
c:\users\msi\desktop\프로젝트 폴더\alt.cvl\sick_calib_clr\x64\debug\vc142.pdb
c:\users\msi\desktop\프로젝트 폴더\alt.cvl\sick_calib_clr\x64\debug\pch.obj
c:\users\msi\desktop\프로젝트 폴더\alt.cvl\sick_calib_clr\x64\debug\sick_calib_clr.obj
c:\users\msi\desktop\프로젝트 폴더\alt.cvl\sick_calib_clr\x64\debug\assemblyinfo.obj
c:\users\msi\desktop\프로젝트 폴더\alt.cvl\sick_calib_clr\x64\debug\.netframework,version=v4.6.assemblyattributes.obj
c:\users\msi\desktop\프로젝트 폴더\alt.cvl\x64\debug\sick.genistreamdotnet.dll
c:\users\msi\desktop\프로젝트 폴더\alt.cvl\x64\debug\sick_calib_clr.dll
c:\users\msi\desktop\프로젝트 폴더\alt.cvl\x64\debug\sick_calib_clr.pdb
c:\users\msi\desktop\프로젝트 폴더\alt.cvl\sick_calib_clr\x64\debug\sick_calib_clr.tlog\metagen.write.1.tlog
c:\users\msi\desktop\프로젝트 폴더\alt.cvl\sick_calib_clr\x64\debug\app.res
c:\users\msi\desktop\프로젝트 폴더\alt.cvl\sick_calib_clr\x64\debug\sick_calib_clr.tlog\cl.command.1.tlog
c:\users\msi\desktop\프로젝트 폴더\alt.cvl\sick_calib_clr\x64\debug\sick_calib_clr.tlog\cl.read.1.tlog
c:\users\msi\desktop\프로젝트 폴더\alt.cvl\sick_calib_clr\x64\debug\sick_calib_clr.tlog\cl.write.1.tlog
c:\users\msi\desktop\프로젝트 폴더\alt.cvl\sick_calib_clr\x64\debug\sick_calib_clr.tlog\copylocal.read.1u.tlog
c:\users\msi\desktop\프로젝트 폴더\alt.cvl\sick_calib_clr\x64\debug\sick_calib_clr.tlog\copylocal.write.1u.tlog
c:\users\msi\desktop\프로젝트 폴더\alt.cvl\sick_calib_clr\x64\debug\sick_calib_clr.tlog\link.command.1.tlog
c:\users\msi\desktop\프로젝트 폴더\alt.cvl\sick_calib_clr\x64\debug\sick_calib_clr.tlog\link.read.1.tlog
c:\users\msi\desktop\프로젝트 폴더\alt.cvl\sick_calib_clr\x64\debug\sick_calib_clr.tlog\link.write.1.tlog
c:\users\msi\desktop\프로젝트 폴더\alt.cvl\sick_calib_clr\x64\debug\sick_calib_clr.tlog\metagen.read.1.tlog
c:\users\msi\desktop\프로젝트 폴더\alt.cvl\sick_calib_clr\x64\debug\sick_calib_clr.tlog\rc.command.1.tlog
c:\users\msi\desktop\프로젝트 폴더\alt.cvl\sick_calib_clr\x64\debug\sick_calib_clr.tlog\rc.read.1.tlog
c:\users\msi\desktop\프로젝트 폴더\alt.cvl\sick_calib_clr\x64\debug\sick_calib_clr.tlog\rc.write.1.tlog
c:\users\msi\desktop\프로젝트 폴더\alt.cvl\sick_calib_clr\x64\debug\sick_calib_clr.tlog\sick.genistreamdotnet.dll.metagen
